0 info it worked if it ends with ok
1 verbose cli [ 'F:\\work_tools\\nodejs\\node.exe',
1 verbose cli   'F:\\work_tools\\nodejs\\node_modules\\npm\\bin\\npm-cli.js',
1 verbose cli   'run',
1 verbose cli   'test' ]
2 info using npm@3.10.9
3 info using node@v6.9.2
4 verbose run-script [ 'pretest', 'test', 'posttest' ]
5 info lifecycle mobile-react@1.0.0~pretest: mobile-react@1.0.0
6 silly lifecycle mobile-react@1.0.0~pretest: no script for pretest, continuing
7 info lifecycle mobile-react@1.0.0~test: mobile-react@1.0.0
8 verbose lifecycle mobile-react@1.0.0~test: unsafe-perm in lifecycle true
9 verbose lifecycle mobile-react@1.0.0~test: PATH: F:\work_tools\nodejs\node_modules\npm\bin\node-gyp-bin;F:\Answern\answern-react\node_modules\.bin;C:\Users\feng\bin;F:\lianchuang\Git\mingw64\bin;F:\lianchuang\Git\usr\local\bin;F:\lianchuang\Git\usr\bin;F:\lianchuang\Git\usr\bin;F:\lianchuang\Git\mingw64\bin;F:\lianchuang\Git\usr\bin;C:\Users\feng\bin;C:\Windows\system32;C:\Windows;C:\Windows\System32\Wbem;C:\Windows\System32\WindowsPowerShell\v1.0;F:\work_tools\svn\bin;C:\Program Files (x86)\GtkSharp\2.12\bin;F:\work_tools\nodejs;F:\work_tools\nodejs\node_global;F:\work_tools\nodejs\node_modules;F:\lianchuang\Git\cmd;F:\lianchuang\Git\mingw64\bin;F:\lianchuang\Git\usr\bin;F:\work_tools\nodejs;F:\work_tools\nginx-1.11.10;C:\Users\feng\AppData\Local\Microsoft\WindowsApps;F:\work_tools\java\jdk1.7.0_79\bin;F:\work_tools\wamp\bin\mysql\mysql5.7.14\bin;F:\work_tools\nodejs;F:\work_tools\maven\bin;F:\work_tools\nodejs\node_global;C:\Users\feng\AppData\Roaming\npm;F:\work_tools\nodejs\node_global\node_modules\yarn\bin\yarn.cmd;F:\lianchuang\Git\usr\bin\vendor_perl;F:\lianchuang\Git\usr\bin\core_perl
10 verbose lifecycle mobile-react@1.0.0~test: CWD: F:\Answern\answern-react
11 silly lifecycle mobile-react@1.0.0~test: Args: [ '/d /s /c',
11 silly lifecycle   'node --max-old-space-size=4076 node_modules/.bin/webpack --config webpack-development.config.js --progress --profile --colors' ]
12 silly lifecycle mobile-react@1.0.0~test: Returned: code: 1  signal: null
13 info lifecycle mobile-react@1.0.0~test: Failed to exec test script
14 verbose stack Error: mobile-react@1.0.0 test: `node --max-old-space-size=4076 node_modules/.bin/webpack --config webpack-development.config.js --progress --profile --colors`
14 verbose stack Exit status 1
14 verbose stack     at EventEmitter.<anonymous> (F:\work_tools\nodejs\node_modules\npm\lib\utils\lifecycle.js:255:16)
14 verbose stack     at emitTwo (events.js:106:13)
14 verbose stack     at EventEmitter.emit (events.js:191:7)
14 verbose stack     at ChildProcess.<anonymous> (F:\work_tools\nodejs\node_modules\npm\lib\utils\spawn.js:40:14)
14 verbose stack     at emitTwo (events.js:106:13)
14 verbose stack     at ChildProcess.emit (events.js:191:7)
14 verbose stack     at maybeClose (internal/child_process.js:877:16)
14 verbose stack     at Process.ChildProcess._handle.onexit (internal/child_process.js:226:5)
15 verbose pkgid mobile-react@1.0.0
16 verbose cwd F:\Answern\answern-react
17 error Windows_NT 10.0.14393
18 error argv "F:\\work_tools\\nodejs\\node.exe" "F:\\work_tools\\nodejs\\node_modules\\npm\\bin\\npm-cli.js" "run" "test"
19 error node v6.9.2
20 error npm  v3.10.9
21 error code ELIFECYCLE
22 error mobile-react@1.0.0 test: `node --max-old-space-size=4076 node_modules/.bin/webpack --config webpack-development.config.js --progress --profile --colors`
22 error Exit status 1
23 error Failed at the mobile-react@1.0.0 test script 'node --max-old-space-size=4076 node_modules/.bin/webpack --config webpack-development.config.js --progress --profile --colors'.
23 error Make sure you have the latest version of node.js and npm installed.
23 error If you do, this is most likely a problem with the mobile-react package,
23 error not with npm itself.
23 error Tell the author that this fails on your system:
23 error     node --max-old-space-size=4076 node_modules/.bin/webpack --config webpack-development.config.js --progress --profile --colors
23 error You can get information on how to open an issue for this project with:
23 error     npm bugs mobile-react
23 error Or if that isn't available, you can get their info via:
23 error     npm owner ls mobile-react
23 error There is likely additional logging output above.
24 verbose exit [ 1, true ]
